<?xml version="1.0" encoding="UTF-8"?>
<!-- Generated by org.testng.reporters.JUnitXMLReporter -->
<testsuite hostname="pc_31" name="Test" tests="2" failures="1" timestamp="7 Jun 2012 10:10:41 GMT" time="0.031" errors="0">
  <testcase name="sub" time="0.0" classname="com.code.test.TestNGDemo"/>
  <testcase name="sum" time="0.0" classname="com.code.test.TestNGDemo">
    <failure type="java.lang.AssertionError" message="expected:&amp;lt;7&amp;gt; but was:&amp;lt;8&amp;gt;">
      <![CDATA[java.lang.AssertionError: expected:<7> but was:<8>
	at com.code.test.TestNGDemo.sum(TestNGDemo.java:17)
... Removed 29 stack frames]]>
    </failure>
  </testcase> <!-- sum -->
</testsuite> <!-- Test -->
